Using pre-set license

 COMMAND LINE ARGUMENTS:
/Applications/Unity/2020.2.3f1/Unity.app/Contents/MacOS/Unity
-adb2
-batchMode
-noUpm
-name
AssetImportWorker0
-projectPath
/Users/codervazgen/UnityGame
-logFile
Logs/AssetImportWorker0.log
-srvPort
52393
Successfully changed project path to: /Users/codervazgen/UnityGame
/Users/codervazgen/UnityGame
Using Asset Import Pipeline V2.
Refreshing native plugins compatible for Editor in 50.78 ms, found 2 plugins.
Preloading 0 native plugins for Editor in 0.00 ms.
Initialize engine version: 2020.2.3f1 (8ff31bc5bf5b)
[Subsystems] Discovering subsystems at path /Applications/Unity/2020.2.3f1/Unity.app/Contents/Resources/UnitySubsystems
[Subsystems] Discovering subsystems at path /Users/codervazgen/UnityGame/Assets
GfxDevice: creating device client; threaded=0
2021-02-18 13:41:33.797 Unity[4528:239948] Color LCD preferred device: Intel(R) Iris(TM) Plus Graphics (low power)
2021-02-18 13:41:33.797 Unity[4528:239948] Metal devices available: 1
2021-02-18 13:41:33.797 Unity[4528:239948] 0: Intel(R) Iris(TM) Plus Graphics (low power)
2021-02-18 13:41:33.797 Unity[4528:239948] Using device Intel(R) Iris(TM) Plus Graphics (low power)
Initializing Metal device caps: Intel(R) Iris(TM) Plus Graphics
Initialize mono
Mono path[0] = '/Applications/Unity/2020.2.3f1/Unity.app/Contents/Managed'
Mono path[1] = '/Applications/Unity/2020.2.3f1/Unity.app/Contents/MonoBleedingEdge/lib/mono/unityjit'
Mono config path = '/Applications/Unity/2020.2.3f1/Unity.app/Contents/MonoBleedingEdge/etc'
Using monoOptions --debugger-agent=transport=dt_socket,embedding=1,server=y,suspend=n,address=127.0.0.1:56528
Begin MonoManager ReloadAssembly
Registering precompiled unity dll's ...
Register platform support module: /Applications/Unity/2020.2.3f1/Unity.app/Contents/PlaybackEngines/MacStandaloneSupport/UnityEditor.OSXStandalone.Extensions.dll
Register platform support module: /Applications/Unity/2020.2.3f1/PlaybackEngines/WindowsStandaloneSupport/UnityEditor.WindowsStandalone.Extensions.dll
Registered in 0.004274 seconds.
Native extension for WindowsStandalone target not found
Native extension for OSXStandalone target not found
Refreshing native plugins compatible for Editor in 83.14 ms, found 2 plugins.
Preloading 0 native plugins for Editor in 0.00 ms.
Invoked RoslynAnalysisRunner static constructor.
RoslynAnalysisRunner will not be running.
RoslynAnalysisRunner has terminated.
Mono: successfully reloaded assembly
- Completed reload, in 10.674 seconds
Platform modules already initialized, skipping
Registering precompiled user dll's ...
Registered in 0.003459 seconds.
Begin MonoManager ReloadAssembly
Native extension for WindowsStandalone target not found
Native extension for OSXStandalone target not found
Refreshing native plugins compatible for Editor in 54.99 ms, found 2 plugins.
Preloading 0 native plugins for Editor in 0.00 ms.
Invoked RoslynAnalysisRunner static constructor.
RoslynAnalysisRunner will not be running.
RoslynAnalysisRunner has terminated.
Mono: successfully reloaded assembly
- Completed reload, in  2.058 seconds
Platform modules already initialized, skipping
========================================================================
Worker process is ready to serve import requests
Launching external process: /Applications/Unity/2020.2.3f1/Unity.app/Contents/Tools/UnityShaderCompiler
Launched and connected shader compiler UnityShaderCompiler after 0.03 seconds
Refreshing native plugins compatible for Editor in 0.39 ms, found 2 plugins.
Preloading 0 native plugins for Editor in 0.00 ms.
Unloading 1796 Unused Serialized files (Serialized files now loaded: 0)
System memory in use before: 146.9 MB.
System memory in use after: 146.8 MB.

Unloading 24 unused Assets to reduce memory usage. Loaded Objects now: 2238.
Total: 3.242173 ms (FindLiveObjects: 0.209295 ms CreateObjectMapping: 0.065776 ms MarkObjects: 2.770781 ms  DeleteObjects: 0.194745 ms)

========================================================================
Received Import Request.
  path: Assets/Scripts/EnemyMove.cs
  artifactKey: Guid(b6ad9f0744c234a769a074dd2c93f879) Importer(815301076,1909f56bfc062723c751e8b465ee728b)
Start importing Assets/Scripts/EnemyMove.cs using Guid(b6ad9f0744c234a769a074dd2c93f879) Importer(815301076,1909f56bfc062723c751e8b465ee728b)  -> (artifact id: '8ee73121130eb27c2628113d7983aa00') in 0.828524 seconds
  Import took 0.835042 seconds .

========================================================================
Received Import Request.
  Time since last request: 0.000441 seconds.
  path: Assets/Scripts/BallRatetion.cs
  artifactKey: Guid(1f69bff0e7406407999e0f5cfd33c6d4) Importer(815301076,1909f56bfc062723c751e8b465ee728b)
Start importing Assets/Scripts/BallRatetion.cs using Guid(1f69bff0e7406407999e0f5cfd33c6d4) Importer(815301076,1909f56bfc062723c751e8b465ee728b)  -> (artifact id: '428f0ab3ef265e1767739be6e900e17b') in 0.002004 seconds
  Import took 0.006191 seconds .

========================================================================
Received Prepare
Registering precompiled user dll's ...
Registered in 0.002459 seconds.
Begin MonoManager ReloadAssembly
Native extension for WindowsStandalone target not found
Native extension for OSXStandalone target not found
Refreshing native plugins compatible for Editor in 0.52 ms, found 2 plugins.
Preloading 0 native plugins for Editor in 0.00 ms.
Invoked RoslynAnalysisRunner static constructor.
RoslynAnalysisRunner will not be running.
RoslynAnalysisRunner has terminated.
Mono: successfully reloaded assembly
- Completed reload, in  1.866 seconds
Platform modules already initialized, skipping
Switching build target platform(2) subTarget(0) extendedPlatform(0) -> platform(13) subTarget(537395200) extendedPlatform(0)
Refreshing native plugins compatible for Editor in 0.41 ms, found 2 plugins.
Preloading 0 native plugins for Editor in 0.00 ms.
Unloading 1794 Unused Serialized files (Serialized files now loaded: 0)
System memory in use before: 151.2 MB.
System memory in use after: 151.2 MB.

Unloading 12 unused Assets to reduce memory usage. Loaded Objects now: 2241.
Total: 2.738077 ms (FindLiveObjects: 0.325389 ms CreateObjectMapping: 0.079021 ms MarkObjects: 2.178389 ms  DeleteObjects: 0.153539 ms)

AssetImportParameters requested are different than current active one (requested -> active):
  custom:graphics/normal-map-encoding: 01000000000000000000000000000000 -> 02000000000000000000000000000000
========================================================================
Received Prepare
Registering precompiled user dll's ...
Registered in 0.002362 seconds.
Begin MonoManager ReloadAssembly
Native extension for WindowsStandalone target not found
Native extension for OSXStandalone target not found
Refreshing native plugins compatible for Editor in 0.37 ms, found 2 plugins.
Preloading 0 native plugins for Editor in 0.00 ms.
Invoked RoslynAnalysisRunner static constructor.
RoslynAnalysisRunner will not be running.
RoslynAnalysisRunner has terminated.
Mono: successfully reloaded assembly
- Completed reload, in  1.182 seconds
Platform modules already initialized, skipping
Switching build target platform(2) subTarget(0) extendedPlatform(0) -> platform(13) subTarget(537395200) extendedPlatform(0)
Refreshing native plugins compatible for Editor in 0.49 ms, found 2 plugins.
Preloading 0 native plugins for Editor in 0.00 ms.
Unloading 1794 Unused Serialized files (Serialized files now loaded: 0)
System memory in use before: 151.4 MB.
System memory in use after: 151.4 MB.

Unloading 12 unused Assets to reduce memory usage. Loaded Objects now: 2244.
Total: 4.749524 ms (FindLiveObjects: 0.486109 ms CreateObjectMapping: 0.119227 ms MarkObjects: 3.741475 ms  DeleteObjects: 0.400056 ms)

AssetImportParameters requested are different than current active one (requested -> active):
  custom:graphics/normal-map-encoding: 01000000000000000000000000000000 -> 02000000000000000000000000000000
